{"/Users/mac/Desktop/DEV/JS/Практика 1/js /hero-sorting/src/index.js": {"path":"/Users/mac/Desktop/DEV/JS/Практика 1/js /hero-sorting/src/index.js","statementMap":{"0":{"start":{"line":2,"column":4},"end":{"line":2,"column":59}},"1":{"start":{"line":2,"column":38},"end":{"line":2,"column":57}}},"fnMap":{"0":{"name":"sortHeroes","decl":{"start":{"line":1,"column":16},"end":{"line":1,"column":26}},"loc":{"start":{"line":1,"column":35},"end":{"line":3,"column":3}},"line":1},"1":{"name":"(anonymous_1)","decl":{"start":{"line":2,"column":28},"end":{"line":2,"column":29}},"loc":{"start":{"line":2,"column":38},"end":{"line":2,"column":57}},"line":2}},"branchMap":{},"s":{"0":2,"1":8},"f":{"0":2,"1":8},"b":{},"_coverageSchema":"1a1c01bbd47fc00a2c39e90264f33305004495a9","hash":"9352bc34a2f8f2c25fe48afa1f2ed2f1fbe0f70c"}
}
